Tue Oct 24 18:02:59 2017
pathfinder environment wrapper imported
-------
-ooooo-
-o   o-
-o I*o-
-o   o-
-ooooo-
-------

-------
-ooooo-
-o   o-
-o I*o-
-o   o-
-ooooo-
-------

-------
-ooooo-
-o   o-
-o I*o-
-o   o-
-ooooo-
-------

-------
-ooooo-
-o   o-
-o I*o-
-o   o-
-ooooo-
-------

-------
-ooooo-
-o   o-
-o I*o-
-o   o-
-ooooo-
-------

-------
-ooooo-
-o   o-
-o I*o-
-o   o-
-ooooo-
-------

-------
-ooooo-
-o   o-
-o I*o-
-o   o-
-ooooo-
-------

-------
-ooooo-
-o   o-
-o I*o-
-o   o-
-ooooo-
-------

-------
-ooooo-
-o   o-
-o I*o-
-o   o-
-ooooo-
-------

-------
-ooooo-
-o   o-
-o I*o-
-o   o-
-ooooo-
-------

-------
-ooooo-
-o   o-
-o I*o-
-o   o-
-ooooo-
-------

-------
-ooooo-
-o   o-
-o I*o-
-o   o-
-ooooo-
-------

-------
-ooooo-
-o   o-
-o I*o-
-o   o-
-ooooo-
-------

-------
-ooooo-
-o   o-
-o I*o-
-o   o-
-ooooo-
-------

-------
-ooooo-
-o   o-
-o I*o-
-o   o-
-ooooo-
-------

-------
-ooooo-
-o   o-
-o I*o-
-o   o-
-ooooo-
-------

