Tue Oct 24 17:54:11 2017
pathfinder environment wrapper imported
-------
-ooooo-
-o   o-
-o I*o-
-o   o-
-ooooo-
-------

-------
-ooooo-
-o   o-
-o I*o-
-o   o-
-ooooo-
-------

-------
-ooooo-
-o   o-
-o I*o-
-o   o-
-ooooo-
-------

-------
-ooooo-
-o   o-
-o I*o-
-o   o-
-ooooo-
-------

-------
-ooooo-
-o   o-
-o I*o-
-o   o-
-ooooo-
-------

-------
-ooooo-
-o   o-
-o I*o-
-o   o-
-ooooo-
-------

-------
-ooooo-
-o   o-
-o I*o-
-o   o-
-ooooo-
-------

-------
-ooooo-
-o   o-
-o I*o-
-o   o-
-ooooo-
-------

-------
-ooooo-
-o   o-
-o I*o-
-o   o-
-ooooo-
-------

-------
-ooooo-
-o   o-
-o I*o-
-o   o-
-ooooo-
-------

-------
-ooooo-
-o   o-
-o I*o-
-o   o-
-ooooo-
-------

-------
-ooooo-
-o   o-
-o I*o-
-o   o-
-ooooo-
-------

-------
-ooooo-
-o   o-
-o I*o-
-o   o-
-ooooo-
-------

-------
-ooooo-
-o   o-
-o I*o-
-o   o-
-ooooo-
-------

-------
-ooooo-
-o   o-
-o I*o-
-o   o-
-ooooo-
-------

-------
-ooooo-
-o   o-
-o I*o-
-o   o-
-ooooo-
-------

